TN:
SF:src/app.js
FN:13,(anonymous_0)
FN:29,(anonymous_1)
FN:133,(anonymous_2)
FN:158,(anonymous_3)
FN:175,(anonymous_4)
FN:183,(anonymous_5)
FN:194,(anonymous_6)
FNF:7
FNH:0
FNDA:0,(anonymous_0)
FNDA:0,(anonymous_1)
FNDA:0,(anonymous_2)
FNDA:0,(anonymous_3)
FNDA:0,(anonymous_4)
FNDA:0,(anonymous_5)
FNDA:0,(anonymous_6)
DA:1,0
DA:2,0
DA:3,0
DA:4,0
DA:5,0
DA:6,0
DA:7,0
DA:14,0
DA:30,0
DA:31,0
DA:37,0
DA:39,0
DA:40,0
DA:41,0
DA:43,0
DA:44,0
DA:45,0
DA:47,0
DA:48,0
DA:51,0
DA:52,0
DA:53,0
DA:54,0
DA:55,0
DA:56,0
DA:57,0
DA:59,0
DA:63,0
DA:64,0
DA:66,0
DA:70,0
DA:72,0
DA:73,0
DA:74,0
DA:77,0
DA:78,0
DA:81,0
DA:82,0
DA:85,0
DA:86,0
DA:87,0
DA:89,0
DA:92,0
DA:93,0
DA:97,0
DA:98,0
DA:99,0
DA:102,0
DA:103,0
DA:105,0
DA:116,0
DA:117,0
DA:120,0
DA:121,0
DA:134,0
DA:136,0
DA:137,0
DA:139,0
DA:147,0
DA:150,0
DA:159,0
DA:160,0
DA:161,0
DA:162,0
DA:163,0
DA:164,0
DA:165,0
DA:166,0
DA:167,0
DA:168,0
DA:176,0
DA:184,0
DA:189,0
DA:192,0
DA:193,0
DA:194,0
DA:195,0
DA:196,0
LF:78
LH:0
BRDA:13,0,0,0
BRDA:15,1,0,0
BRDA:15,1,1,0
BRDA:16,2,0,0
BRDA:16,2,1,0
BRDA:17,3,0,0
BRDA:17,3,1,0
BRDA:19,4,0,0
BRDA:19,4,1,0
BRDA:20,5,0,0
BRDA:20,5,1,0
BRDA:21,6,0,0
BRDA:21,6,1,0
BRDA:37,7,0,0
BRDA:37,7,1,0
BRDA:37,8,0,0
BRDA:37,8,1,0
BRDA:37,8,2,0
BRDA:39,9,0,0
BRDA:39,9,1,0
BRDA:40,10,0,0
BRDA:40,10,1,0
BRDA:45,11,0,0
BRDA:45,11,1,0
BRDA:45,12,0,0
BRDA:45,12,1,0
BRDA:45,12,2,0
BRDA:52,13,0,0
BRDA:52,13,1,0
BRDA:55,14,0,0
BRDA:55,14,1,0
BRDA:63,15,0,0
BRDA:63,15,1,0
BRDA:63,16,0,0
BRDA:63,16,1,0
BRDA:70,17,0,0
BRDA:70,17,1,0
BRDA:73,18,0,0
BRDA:73,18,1,0
BRDA:86,19,0,0
BRDA:86,19,1,0
BRDA:142,20,0,0
BRDA:142,20,1,0
BRDA:143,21,0,0
BRDA:143,21,1,0
BRDA:144,22,0,0
BRDA:144,22,1,0
BRDA:192,23,0,0
BRDA:192,23,1,0
BRDA:195,24,0,0
BRDA:195,24,1,0
BRF:51
BRH:0
end_of_record
TN:
SF:src/database/config.js
FN:18,(anonymous_0)
FNF:1
FNH:0
FNDA:0,(anonymous_0)
DA:1,0
DA:3,0
DA:15,0
DA:18,0
DA:19,0
DA:20,0
DA:23,0
LF:7
LH:0
BRDA:4,0,0,0
BRDA:4,0,1,0
BRDA:4,0,2,0
BRDA:5,1,0,0
BRDA:5,1,1,0
BRDA:6,2,0,0
BRDA:6,2,1,0
BRDA:7,3,0,0
BRDA:7,3,1,0
BRDA:8,4,0,0
BRDA:8,4,1,0
BRF:11
BRH:0
end_of_record
TN:
SF:src/modules/databaseLoader.js
FN:8,normalizeItemName
FN:22,findBestSupplier
FN:31,(anonymous_2)
FN:123,(anonymous_3)
FN:128,(anonymous_4)
FN:129,(anonymous_5)
FN:167,getDatabaseStats
FN:192,testConnection
FNF:8
FNH:6
FNDA:25,normalizeItemName
FNDA:20,findBestSupplier
FNDA:90,(anonymous_2)
FNDA:50,(anonymous_3)
FNDA:8,(anonymous_4)
FNDA:8,(anonymous_5)
FNDA:0,getDatabaseStats
FNDA:0,testConnection
DA:1,1
DA:9,25
DA:23,20
DA:24,2
DA:27,18
DA:29,18
DA:30,18
DA:31,90
DA:33,18
DA:34,0
DA:38,18
DA:50,18
DA:52,16
DA:53,3
DA:54,3
DA:55,3
DA:59,13
DA:60,13
DA:62,13
DA:63,13
DA:65,13
DA:66,13
DA:67,7
DA:68,6
DA:69,5
DA:72,13
DA:84,13
DA:86,13
DA:87,2
DA:88,2
DA:89,2
DA:94,11
DA:95,11
DA:96,11
DA:108,11
DA:109,11
DA:111,11
DA:112,0
DA:113,0
DA:114,0
DA:118,0
DA:123,11
DA:124,50
DA:127,11
DA:128,8
DA:129,8
DA:131,7
DA:143,7
DA:145,7
DA:146,0
DA:147,0
DA:148,0
DA:153,11
DA:156,2
DA:157,2
DA:159,18
DA:168,0
DA:170,0
DA:171,0
DA:172,0
DA:173,0
DA:175,0
DA:181,0
DA:182,0
DA:184,0
DA:193,0
DA:194,0
DA:195,0
DA:196,0
DA:197,0
DA:199,0
DA:200,0
DA:204,1
LF:73
LH:49
BRDA:23,0,0,2
BRDA:23,0,1,18
BRDA:23,1,0,20
BRDA:23,1,1,19
BRDA:33,2,0,0
BRDA:33,2,1,18
BRDA:52,3,0,3
BRDA:52,3,1,13
BRDA:60,4,0,13
BRDA:60,4,1,0
BRDA:66,5,0,7
BRDA:66,5,1,6
BRDA:66,6,0,13
BRDA:66,6,1,8
BRDA:68,7,0,5
BRDA:68,7,1,1
BRDA:68,8,0,6
BRDA:68,8,1,6
BRDA:86,9,0,2
BRDA:86,9,1,11
BRDA:94,10,0,11
BRDA:94,10,1,0
BRDA:111,11,0,0
BRDA:111,11,1,11
BRDA:124,12,0,50
BRDA:124,12,1,18
BRDA:127,13,0,7
BRDA:127,13,1,4
BRDA:145,14,0,0
BRDA:145,14,1,7
BRF:30
BRH:25
end_of_record
TN:
SF:src/modules/ebayParser.js
FN:8,parseOrderItemsFromEbayCSV
FN:11,(anonymous_1)
FN:11,(anonymous_2)
FN:21,(anonymous_3)
FN:24,(anonymous_4)
FN:66,parseCSVLine
FN:102,findEbayCSV
FN:107,(anonymous_7)
FNF:8
FNH:0
FNDA:0,parseOrderItemsFromEbayCSV
FNDA:0,(anonymous_1)
FNDA:0,(anonymous_2)
FNDA:0,(anonymous_3)
FNDA:0,(anonymous_4)
FNDA:0,parseCSVLine
FNDA:0,findEbayCSV
FNDA:0,(anonymous_7)
DA:1,0
DA:9,0
DA:10,0
DA:11,0
DA:13,0
DA:14,0
DA:17,0
DA:20,0
DA:21,0
DA:22,0
DA:24,0
DA:25,0
DA:28,0
DA:29,0
DA:32,0
DA:35,0
DA:36,0
DA:37,0
DA:40,0
DA:42,0
DA:43,0
DA:44,0
DA:46,0
DA:47,0
DA:52,0
DA:53,0
DA:56,0
DA:57,0
DA:67,0
DA:68,0
DA:69,0
DA:71,0
DA:72,0
DA:74,0
DA:75,0
DA:77,0
DA:78,0
DA:81,0
DA:83,0
DA:85,0
DA:86,0
DA:88,0
DA:93,0
DA:95,0
DA:103,0
DA:104,0
DA:107,0
DA:108,0
DA:113,0
DA:115,0
DA:116,0
DA:120,0
LF:52
LH:0
BRDA:13,0,0,0
BRDA:13,0,1,0
BRDA:22,1,0,0
BRDA:22,1,1,0
BRDA:25,2,0,0
BRDA:25,2,1,0
BRDA:25,2,2,0
BRDA:25,2,3,0
BRDA:28,3,0,0
BRDA:28,3,1,0
BRDA:28,4,0,0
BRDA:28,4,1,0
BRDA:37,5,0,0
BRDA:37,5,1,0
BRDA:42,6,0,0
BRDA:42,6,1,0
BRDA:46,7,0,0
BRDA:46,7,1,0
BRDA:46,8,0,0
BRDA:46,8,1,0
BRDA:46,8,2,0
BRDA:46,8,3,0
BRDA:74,9,0,0
BRDA:74,9,1,0
BRDA:75,10,0,0
BRDA:75,10,1,0
BRDA:75,11,0,0
BRDA:75,11,1,0
BRDA:83,12,0,0
BRDA:83,12,1,0
BRDA:83,13,0,0
BRDA:83,13,1,0
BRDA:108,14,0,0
BRDA:108,14,1,0
BRDA:108,14,2,0
BRDA:113,15,0,0
BRDA:113,15,1,0
BRF:37
BRH:0
end_of_record
TN:
SF:src/modules/pdfGenerator.js
FN:21,calculateSummary
FN:24,(anonymous_1)
FN:25,(anonymous_2)
FN:26,(anonymous_3)
FN:37,drawTableHeader
FN:45,(anonymous_5)
FN:61,formatRowData
FN:79,drawTableRow
FN:92,(anonymous_8)
FN:107,generatePDF
FN:129,(anonymous_10)
FNF:11
FNH:0
FNDA:0,calculateSummary
FNDA:0,(anonymous_1)
FNDA:0,(anonymous_2)
FNDA:0,(anonymous_3)
FNDA:0,drawTableHeader
FNDA:0,(anonymous_5)
FNDA:0,formatRowData
FNDA:0,drawTableRow
FNDA:0,(anonymous_8)
FNDA:0,generatePDF
FNDA:0,(anonymous_10)
DA:1,0
DA:2,0
DA:7,0
DA:22,0
DA:23,0
DA:24,0
DA:25,0
DA:26,0
DA:28,0
DA:38,0
DA:41,0
DA:42,0
DA:45,0
DA:46,0
DA:52,0
DA:53,0
DA:62,0
DA:80,0
DA:83,0
DA:84,0
DA:88,0
DA:91,0
DA:92,0
DA:93,0
DA:99,0
DA:108,0
DA:109,0
DA:112,0
DA:113,0
DA:114,0
DA:115,0
DA:118,0
DA:119,0
DA:120,0
DA:121,0
DA:122,0
DA:125,0
DA:126,0
DA:129,0
DA:131,0
DA:132,0
DA:133,0
DA:136,0
DA:137,0
DA:140,0
DA:141,0
DA:144,0
LF:47
LH:0
BRDA:64,0,0,0
BRDA:64,0,1,0
BRDA:66,1,0,0
BRDA:66,1,1,0
BRDA:67,2,0,0
BRDA:67,2,1,0
BRDA:67,3,0,0
BRDA:67,3,1,0
BRDA:83,4,0,0
BRDA:83,4,1,0
BRDA:107,5,0,0
BRDA:131,6,0,0
BRDA:131,6,1,0
BRF:13
BRH:0
end_of_record
TN:
SF:src/modules/pdfParser.js
FN:10,isValidOrderItem
FN:18,getHardcodedOrderItems
FN:66,parseOrderItemsFromPDF
FNF:3
FNH:0
FNDA:0,isValidOrderItem
FNDA:0,getHardcodedOrderItems
FNDA:0,parseOrderItemsFromPDF
DA:1,0
DA:2,0
DA:11,0
DA:19,0
DA:67,0
DA:68,0
DA:69,0
DA:70,0
DA:72,0
DA:75,0
DA:77,0
DA:78,0
DA:79,0
DA:80,0
DA:81,0
DA:82,0
DA:84,0
DA:85,0
DA:92,0
DA:93,0
DA:95,0
DA:96,0
DA:97,0
DA:99,0
DA:100,0
DA:101,0
DA:102,0
DA:104,0
DA:105,0
DA:111,0
DA:114,0
DA:115,0
DA:119,0
LF:33
LH:0
BRDA:11,0,0,0
BRDA:11,0,1,0
BRDA:11,0,2,0
BRDA:77,1,0,0
BRDA:77,1,1,0
BRDA:80,2,0,0
BRDA:80,2,1,0
BRDA:84,3,0,0
BRDA:84,3,1,0
BRDA:92,4,0,0
BRDA:92,4,1,0
BRDA:97,5,0,0
BRDA:97,5,1,0
BRDA:100,6,0,0
BRDA:100,6,1,0
BRDA:104,7,0,0
BRDA:104,7,1,0
BRDA:111,8,0,0
BRDA:111,8,1,0
BRF:19
BRH:0
end_of_record
TN:
SF:src/modules/picklistGenerator.js
FN:9,createPicklist
FN:12,(anonymous_1)
FN:34,convertToCSV
FN:38,(anonymous_3)
FN:39,(anonymous_4)
FNF:5
FNH:0
FNDA:0,createPicklist
FNDA:0,(anonymous_1)
FNDA:0,convertToCSV
FNDA:0,(anonymous_3)
FNDA:0,(anonymous_4)
DA:1,0
DA:10,0
DA:12,0
DA:13,0
DA:15,0
DA:23,0
DA:26,0
DA:35,0
DA:36,0
DA:38,0
DA:39,0
DA:40,0
DA:42,0
DA:46,0
DA:49,0
DA:52,0
LF:16
LH:0
BRDA:18,0,0,0
BRDA:18,0,1,0
BRDA:19,1,0,0
BRDA:19,1,1,0
BRDA:20,2,0,0
BRDA:20,2,1,0
BRDA:42,3,0,0
BRDA:42,3,1,0
BRDA:42,4,0,0
BRDA:42,4,1,0
BRF:10
BRH:0
end_of_record
TN:
SF:src/modules/priceListLoader.js
FN:8,loadPriceList
FN:25,normalizeItemName
FN:40,findBestSupplier
FN:50,(anonymous_3)
FN:51,(anonymous_4)
FN:56,(anonymous_5)
FN:57,(anonymous_6)
FN:63,(anonymous_7)
FN:70,(anonymous_8)
FN:72,(anonymous_9)
FN:92,(anonymous_10)
FN:101,(anonymous_11)
FN:111,(anonymous_12)
FN:132,(anonymous_13)
FN:133,(anonymous_14)
FN:136,(anonymous_15)
FNF:16
FNH:0
FNDA:0,loadPriceList
FNDA:0,normalizeItemName
FNDA:0,findBestSupplier
FNDA:0,(anonymous_3)
FNDA:0,(anonymous_4)
FNDA:0,(anonymous_5)
FNDA:0,(anonymous_6)
FNDA:0,(anonymous_7)
FNDA:0,(anonymous_8)
FNDA:0,(anonymous_9)
FNDA:0,(anonymous_10)
FNDA:0,(anonymous_11)
FNDA:0,(anonymous_12)
FNDA:0,(anonymous_13)
FNDA:0,(anonymous_14)
FNDA:0,(anonymous_15)
DA:1,0
DA:9,0
DA:10,0
DA:11,0
DA:12,0
DA:13,0
DA:15,0
DA:16,0
DA:26,0
DA:41,0
DA:42,0
DA:45,0
DA:46,0
DA:49,0
DA:50,0
DA:51,0
DA:53,0
DA:56,0
DA:57,0
DA:58,0
DA:63,0
DA:65,0
DA:66,0
DA:70,0
DA:71,0
DA:72,0
DA:75,0
DA:76,0
DA:79,0
DA:80,0
DA:81,0
DA:85,0
DA:86,0
DA:87,0
DA:88,0
DA:92,0
DA:93,0
DA:95,0
DA:96,0
DA:97,0
DA:101,0
DA:102,0
DA:105,0
DA:106,0
DA:109,0
DA:111,0
DA:112,0
DA:113,0
DA:114,0
DA:116,0
DA:117,0
DA:130,0
DA:132,0
DA:133,0
DA:136,0
DA:137,0
DA:139,0
DA:140,0
DA:143,0
DA:146,0
LF:60
LH:0
BRDA:41,0,0,0
BRDA:41,0,1,0
BRDA:41,1,0,0
BRDA:41,1,1,0
BRDA:65,2,0,0
BRDA:65,2,1,0
BRDA:71,3,0,0
BRDA:71,3,1,0
BRDA:79,4,0,0
BRDA:79,4,1,0
BRDA:86,5,0,0
BRDA:86,5,1,0
BRDA:86,6,0,0
BRDA:86,6,1,0
BRDA:93,7,0,0
BRDA:93,7,1,0
BRDA:95,8,0,0
BRDA:95,8,1,0
BRDA:101,9,0,0
BRDA:101,9,1,0
BRDA:102,10,0,0
BRDA:102,10,1,0
BRDA:102,10,2,0
BRDA:109,11,0,0
BRDA:109,11,1,0
BRDA:113,12,0,0
BRDA:113,12,1,0
BRDA:113,13,0,0
BRDA:113,13,1,0
BRDA:113,13,2,0
BRDA:116,14,0,0
BRDA:116,14,1,0
BRDA:116,15,0,0
BRDA:116,15,1,0
BRDA:130,16,0,0
BRDA:130,16,1,0
BRDA:137,17,0,0
BRDA:137,17,1,0
BRF:38
BRH:0
end_of_record
